<?xml version="1.0" encoding="UTF-8"?>
<testsuite xmlns:xsi="http://www.w3.org/2001/XMLSchema-instance" xsi:noNamespaceSchemaLocation="https://maven.apache.org/surefire/maven-surefire-plugin/xsd/surefire-test-report.xsd" name="US1001 amazon page search" time="109.723" tests="2" errors="2" skipped="0" failures="0">
  <properties>
[...]
</properties>
  <testcase name="TC01 amazon arama testi" classname="US1001 amazon page search" time="109.723">
    <error message="Failed to instantiate class stepdefinitions.AmazonStepDefinitions" type="io.cucumber.core.exception.CucumberException">io.cucumber.core.exception.CucumberException: Failed to instantiate class stepdefinitions.AmazonStepDefinitions
Caused by: java.lang.reflect.InvocationTargetException
Caused by: io.github.bonigarcia.wdm.WebDriverManagerException: io.github.bonigarcia.wdm.WebDriverManagerException: chromedriver 87.0.4280.88 for WIN64 not found in http://npm.taobao.org/mirrors/chromedriver/
Caused by: io.github.bonigarcia.wdm.WebDriverManagerException: chromedriver 87.0.4280.88 for WIN64 not found in http://npm.taobao.org/mirrors/chromedriver/
</error>
    <system-out><![CDATA[&amp#27;[32m&amp#27;[1m???????????????????????????????????????????????????????????????????????????????&amp#27;[0m
&amp#27;[32m&amp#27;[1m?&amp#27;[0m Share your Cucumber Report with your team at &amp#27;[36m&amp#27;[1m&amp#27;[4mhttps://reports.cucumber.io&amp#27;[0m    &amp#27;[32m&amp#27;[1m?&amp#27;[0m
&amp#27;[32m&amp#27;[1m?&amp#27;[0m Activate publishing with one of the following:                              &amp#27;[32m&amp#27;[1m?&amp#27;[0m
&amp#27;[32m&amp#27;[1m?&amp#27;[0m                                                                             &amp#27;[32m&amp#27;[1m?&amp#27;[0m
&amp#27;[32m&amp#27;[1m?&amp#27;[0m src/test/resources/cucumber.properties:    &amp#27;[36mcucumber.publish.enabled&amp#27;[0m=&amp#27;[36mtrue&amp#27;[0m    &amp#27;[32m&amp#27;[1m?&amp#27;[0m
&amp#27;[32m&amp#27;[1m?&amp#27;[0m Environment variable:                      &amp#27;[36mCUCUMBER_PUBLİSH_ENABLED&amp#27;[0m=&amp#27;[36mtrue&amp#27;[0m    &amp#27;[32m&amp#27;[1m?&amp#27;[0m
&amp#27;[32m&amp#27;[1m?&amp#27;[0m JUnit:                                     &amp#27;[36m@CucumberOptions&amp#27;[0m(publish = &amp#27;[36mtrue&amp#27;[0m) &amp#27;[32m&amp#27;[1m?&amp#27;[0m
&amp#27;[32m&amp#27;[1m?&amp#27;[0m                                                                             &amp#27;[32m&amp#27;[1m?&amp#27;[0m
&amp#27;[32m&amp#27;[1m?&amp#27;[0m More information at &amp#27;[36mhttps://reports.cucumber.io/docs/cucumber-jvm&amp#27;[0m           &amp#27;[32m&amp#27;[1m?&amp#27;[0m
&amp#27;[32m&amp#27;[1m?&amp#27;[0m                                                                             &amp#27;[32m&amp#27;[1m?&amp#27;[0m
&amp#27;[32m&amp#27;[1m?&amp#27;[0m To disable this message, add &amp#27;[1mcucumber.publish.quiet&amp#27;[0m&amp#27;[1m=&amp#27;[0m&amp#27;[1mtrue&amp#27;[0m to                 &amp#27;[32m&amp#27;[1m?&amp#27;[0m
&amp#27;[32m&amp#27;[1m?&amp#27;[0m &amp#27;[1msrc/test/resources/cucumber.properties&amp#27;[0m                                      &amp#27;[32m&amp#27;[1m?&amp#27;[0m
&amp#27;[32m&amp#27;[1m???????????????????????????????????????????????????????????????????????????????&amp#27;[0m
]]></system-out>
    <system-err><![CDATA[[pool-1-thread-1] INFO io.github.bonigarcia.wdm.WebDriverManager - Using chromedriver 87.0.4280.88 (since Google Chrome 87 is installed in your machine)
[pool-1-thread-1] INFO io.github.bonigarcia.wdm.WebDriverManager - Reading https://chromedriver.storage.googleapis.com/ to seek chromedriver
[pool-1-thread-1] ERROR io.github.bonigarcia.wdm.WebDriverManager - chromedriver 87.0.4280.88 for WIN64 not found in https://chromedriver.storage.googleapis.com/
[pool-1-thread-1] WARN io.github.bonigarcia.wdm.WebDriverManager - There was an error managing chromedriver 87.0.4280.88 (chromedriver 87.0.4280.88 for WIN64 not found in https://chromedriver.storage.googleapis.com/) ... trying again using mirror
[pool-1-thread-1] ERROR io.github.bonigarcia.wdm.WebDriverManager - chromedriver 87.0.4280.88 for WIN64 not found in http://npm.taobao.org/mirrors/chromedriver/
[pool-1-thread-1] WARN io.github.bonigarcia.wdm.WebDriverManager - There was an error managing chromedriver 87.0.4280.88 (chromedriver 87.0.4280.88 for WIN64 not found in http://npm.taobao.org/mirrors/chromedriver/) ... trying again using latest from cache
[pool-1-thread-1] ERROR io.github.bonigarcia.wdm.WebDriverManager - chromedriver 87.0.4280.88 for WIN64 not found in http://npm.taobao.org/mirrors/chromedriver/
[pool-1-thread-1] ERROR io.github.bonigarcia.wdm.WebDriverManager - There was an error managing chromedriver 87.0.4280.88 (chromedriver 87.0.4280.88 for WIN64 not found in http://npm.taobao.org/mirrors/chromedriver/)
io.github.bonigarcia.wdm.WebDriverManagerException: chromedriver 87.0.4280.88 for WIN64 not found in http://npm.taobao.org/mirrors/chromedriver/
	at io.github.bonigarcia.wdm.WebDriverManager.downloadAndExport(WebDriverManager.java:575)
	at io.github.bonigarcia.wdm.WebDriverManager.manage(WebDriverManager.java:547)
	at io.github.bonigarcia.wdm.WebDriverManager.handleException(WebDriverManager.java:773)
	at io.github.bonigarcia.wdm.WebDriverManager.manage(WebDriverManager.java:550)
	at io.github.bonigarcia.wdm.WebDriverManager.handleException(WebDriverManager.java:766)
	at io.github.bonigarcia.wdm.WebDriverManager.manage(WebDriverManager.java:550)
	at io.github.bonigarcia.wdm.WebDriverManager.setup(WebDriverManager.java:260)
	at utilities.Driver.getDriver(Driver.java:22)
	at pages.AmazonPage.<init>(AmazonPage.java:10)
	at stepdefinitions.AmazonStepDefinitions.<init>(AmazonStepDefinitions.java:14)
	at sun.reflect.NativeConstructorAccessorImpl.newInstance0(Native Method)
	at sun.reflect.NativeConstructorAccessorImpl.newInstance(Unknown Source)
	at sun.reflect.DelegatingConstructorAccessorImpl.newInstance(Unknown Source)
	at java.lang.reflect.Constructor.newInstance(Unknown Source)
	at io.cucumber.core.runtime.ObjectFactoryServiceLoader$DefaultJavaObjectFactory.cacheNewInstance(ObjectFactoryServiceLoader.java:132)
	at io.cucumber.core.runtime.ObjectFactoryServiceLoader$DefaultJavaObjectFactory.getInstance(ObjectFactoryServiceLoader.java:124)
	at io.cucumber.java.AbstractGlueDefinition.invokeMethod(AbstractGlueDefinition.java:47)
	at io.cucumber.java.JavaStepDefinition.execute(JavaStepDefinition.java:29)
	at io.cucumber.core.runner.CoreStepDefinition.execute(CoreStepDefinition.java:66)
	at io.cucumber.core.runner.PickleStepDefinitionMatch.runStep(PickleStepDefinitionMatch.java:63)
	at io.cucumber.core.runner.TestStep.executeStep(TestStep.java:92)
	at io.cucumber.core.runner.TestStep.run(TestStep.java:63)
	at io.cucumber.core.runner.PickleStepTestStep.run(PickleStepTestStep.java:49)
	at io.cucumber.core.runner.TestCase.run(TestCase.java:99)
	at io.cucumber.core.runner.Runner.runPickle(Runner.java:71)
	at io.cucumber.junit.PickleRunners$NoStepDescriptions.run(PickleRunners.java:151)
	at io.cucumber.junit.FeatureRunner.runChild(FeatureRunner.java:135)
	at io.cucumber.junit.FeatureRunner.runChild(FeatureRunner.java:27)
	at org.junit.runners.ParentRunner$4.run(ParentRunner.java:331)
	at org.junit.runners.ParentRunner$1.schedule(ParentRunner.java:79)
	at org.junit.runners.ParentRunner.runChildren(ParentRunner.java:329)
	at org.junit.runners.ParentRunner.access$100(ParentRunner.java:66)
	at org.junit.runners.ParentRunner$2.evaluate(ParentRunner.java:293)
	at org.junit.runners.ParentRunner$3.evaluate(ParentRunner.java:306)
	at org.junit.runners.ParentRunner.run(ParentRunner.java:413)
	at io.cucumber.junit.Cucumber.runChild(Cucumber.java:199)
	at io.cucumber.junit.Cucumber.runChild(Cucumber.java:90)
	at org.junit.runners.ParentRunner$4.run(ParentRunner.java:331)
	at org.apache.maven.surefire.junitcore.pc.Scheduler$1.run(Scheduler.java:405)
	at org.apache.maven.surefire.junitcore.pc.InvokerStrategy.schedule(InvokerStrategy.java:54)
	at org.apache.maven.surefire.junitcore.pc.Scheduler.schedule(Scheduler.java:362)
	at org.junit.runners.ParentRunner.runChildren(ParentRunner.java:329)
	at org.junit.runners.ParentRunner.access$100(ParentRunner.java:66)
	at org.junit.runners.ParentRunner$2.evaluate(ParentRunner.java:293)
	at io.cucumber.junit.Cucumber$RunCucumber.evaluate(Cucumber.java:234)
	at org.junit.runners.ParentRunner$3.evaluate(ParentRunner.java:306)
	at org.junit.runners.ParentRunner.run(ParentRunner.java:413)
	at org.junit.runners.Suite.runChild(Suite.java:128)
	at org.junit.runners.Suite.runChild(Suite.java:27)
	at org.junit.runners.ParentRunner$4.run(ParentRunner.java:331)
	at org.apache.maven.surefire.junitcore.pc.Scheduler$1.run(Scheduler.java:405)
	at java.util.concurrent.Executors$RunnableAdapter.call(Unknown Source)
	at java.util.concurrent.FutureTask.run(Unknown Source)
	at java.util.concurrent.ThreadPoolExecutor.runWorker(Unknown Source)
	at java.util.concurrent.ThreadPoolExecutor$Worker.run(Unknown Source)
	at java.lang.Thread.run(Unknown Source)
[pool-1-thread-1] INFO io.github.bonigarcia.wdm.WebDriverManager - Using chromedriver 87.0.4280.88 (since Google Chrome 87 is installed in your machine)
[pool-1-thread-1] INFO io.github.bonigarcia.wdm.WebDriverManager - Reading https://chromedriver.storage.googleapis.com/ to seek chromedriver
[pool-1-thread-1] ERROR io.github.bonigarcia.wdm.WebDriverManager - chromedriver 87.0.4280.88 for WIN64 not found in https://chromedriver.storage.googleapis.com/
[pool-1-thread-1] WARN io.github.bonigarcia.wdm.WebDriverManager - There was an error managing chromedriver 87.0.4280.88 (chromedriver 87.0.4280.88 for WIN64 not found in https://chromedriver.storage.googleapis.com/) ... trying again using mirror
[pool-1-thread-1] ERROR io.github.bonigarcia.wdm.WebDriverManager - chromedriver 87.0.4280.88 for WIN64 not found in http://npm.taobao.org/mirrors/chromedriver/
[pool-1-thread-1] WARN io.github.bonigarcia.wdm.WebDriverManager - There was an error managing chromedriver 87.0.4280.88 (chromedriver 87.0.4280.88 for WIN64 not found in http://npm.taobao.org/mirrors/chromedriver/) ... trying again using latest from cache
[pool-1-thread-1] ERROR io.github.bonigarcia.wdm.WebDriverManager - chromedriver 87.0.4280.88 for WIN64 not found in http://npm.taobao.org/mirrors/chromedriver/
[pool-1-thread-1] ERROR io.github.bonigarcia.wdm.WebDriverManager - There was an error managing chromedriver 87.0.4280.88 (chromedriver 87.0.4280.88 for WIN64 not found in http://npm.taobao.org/mirrors/chromedriver/)
io.github.bonigarcia.wdm.WebDriverManagerException: chromedriver 87.0.4280.88 for WIN64 not found in http://npm.taobao.org/mirrors/chromedriver/
	at io.github.bonigarcia.wdm.WebDriverManager.downloadAndExport(WebDriverManager.java:575)
	at io.github.bonigarcia.wdm.WebDriverManager.manage(WebDriverManager.java:547)
	at io.github.bonigarcia.wdm.WebDriverManager.handleException(WebDriverManager.java:773)
	at io.github.bonigarcia.wdm.WebDriverManager.manage(WebDriverManager.java:550)
	at io.github.bonigarcia.wdm.WebDriverManager.handleException(WebDriverManager.java:766)
	at io.github.bonigarcia.wdm.WebDriverManager.manage(WebDriverManager.java:550)
	at io.github.bonigarcia.wdm.WebDriverManager.setup(WebDriverManager.java:260)
	at utilities.Driver.getDriver(Driver.java:22)
	at stepdefinitions.Hooks.tearDown(Hooks.java:20)
	at sun.reflect.NativeMethodAccessorImpl.invoke0(Native Method)
	at sun.reflect.NativeMethodAccessorImpl.invoke(Unknown Source)
	at sun.reflect.DelegatingMethodAccessorImpl.invoke(Unknown Source)
	at java.lang.reflect.Method.invoke(Unknown Source)
	at io.cucumber.java.Invoker.doInvoke(Invoker.java:66)
	at io.cucumber.java.Invoker.invoke(Invoker.java:24)
	at io.cucumber.java.AbstractGlueDefinition.invokeMethod(AbstractGlueDefinition.java:47)
	at io.cucumber.java.JavaHookDefinition.execute(JavaHookDefinition.java:59)
	at io.cucumber.core.runner.CoreHookDefinition.execute(CoreHookDefinition.java:46)
	at io.cucumber.core.runner.HookDefinitionMatch.runStep(HookDefinitionMatch.java:21)
	at io.cucumber.core.runner.TestStep.executeStep(TestStep.java:92)
	at io.cucumber.core.runner.TestStep.run(TestStep.java:63)
	at io.cucumber.core.runner.TestCase.run(TestCase.java:103)
	at io.cucumber.core.runner.Runner.runPickle(Runner.java:71)
	at io.cucumber.junit.PickleRunners$NoStepDescriptions.run(PickleRunners.java:151)
	at io.cucumber.junit.FeatureRunner.runChild(FeatureRunner.java:135)
	at io.cucumber.junit.FeatureRunner.runChild(FeatureRunner.java:27)
	at org.junit.runners.ParentRunner$4.run(ParentRunner.java:331)
	at org.junit.runners.ParentRunner$1.schedule(ParentRunner.java:79)
	at org.junit.runners.ParentRunner.runChildren(ParentRunner.java:329)
	at org.junit.runners.ParentRunner.access$100(ParentRunner.java:66)
	at org.junit.runners.ParentRunner$2.evaluate(ParentRunner.java:293)
	at org.junit.runners.ParentRunner$3.evaluate(ParentRunner.java:306)
	at org.junit.runners.ParentRunner.run(ParentRunner.java:413)
	at io.cucumber.junit.Cucumber.runChild(Cucumber.java:199)
	at io.cucumber.junit.Cucumber.runChild(Cucumber.java:90)
	at org.junit.runners.ParentRunner$4.run(ParentRunner.java:331)
	at org.apache.maven.surefire.junitcore.pc.Scheduler$1.run(Scheduler.java:405)
	at org.apache.maven.surefire.junitcore.pc.InvokerStrategy.schedule(InvokerStrategy.java:54)
	at org.apache.maven.surefire.junitcore.pc.Scheduler.schedule(Scheduler.java:362)
	at org.junit.runners.ParentRunner.runChildren(ParentRunner.java:329)
	at org.junit.runners.ParentRunner.access$100(ParentRunner.java:66)
	at org.junit.runners.ParentRunner$2.evaluate(ParentRunner.java:293)
	at io.cucumber.junit.Cucumber$RunCucumber.evaluate(Cucumber.java:234)
	at org.junit.runners.ParentRunner$3.evaluate(ParentRunner.java:306)
	at org.junit.runners.ParentRunner.run(ParentRunner.java:413)
	at org.junit.runners.Suite.runChild(Suite.java:128)
	at org.junit.runners.Suite.runChild(Suite.java:27)
	at org.junit.runners.ParentRunner$4.run(ParentRunner.java:331)
	at org.apache.maven.surefire.junitcore.pc.Scheduler$1.run(Scheduler.java:405)
	at java.util.concurrent.Executors$RunnableAdapter.call(Unknown Source)
	at java.util.concurrent.FutureTask.run(Unknown Source)
	at java.util.concurrent.ThreadPoolExecutor.runWorker(Unknown Source)
	at java.util.concurrent.ThreadPoolExecutor$Worker.run(Unknown Source)
	at java.lang.Thread.run(Unknown Source)
]]></system-err>
  </testcase>
  <testcase name="TC01 amazon arama testi" classname="US1001 amazon page search" time="0">
    <error message="io.github.bonigarcia.wdm.WebDriverManagerException: chromedriver 87.0.4280.88 for WIN64 not found in http://npm.taobao.org/mirrors/chromedriver/" type="io.github.bonigarcia.wdm.WebDriverManagerException">io.github.bonigarcia.wdm.WebDriverManagerException: io.github.bonigarcia.wdm.WebDriverManagerException: chromedriver 87.0.4280.88 for WIN64 not found in http://npm.taobao.org/mirrors/chromedriver/
Caused by: io.github.bonigarcia.wdm.WebDriverManagerException: chromedriver 87.0.4280.88 for WIN64 not found in http://npm.taobao.org/mirrors/chromedriver/
</error>
  </testcase>
</testsuite>